ShareFV/proguard.cfg
-optimizationpasses 5  
-dontusemixedcaseclassnames  
-dontskipnonpubliclibraryclasses  
-dontpreverify  
-verbose  
-optimizations !code/simplification/arithmetic,!field/*,!class/merging/*  
  
 -dontwarn
 

-libraryjars libs/baidumapapi_v2_1_2.jar
-libraryjars libs/jetty-client-7.6.0.RC4.jar
-libraryjars libs/jetty-continuation-7.6.0.RC4.jar
-libraryjars libs/jetty-deploy-7.6.0.RC4.jar
-libraryjars libs/jetty-http-7.6.0.RC4.jar
-libraryjars libs/jetty-io-7.6.0.RC4.jar
-libraryjars libs/jetty-security-7.6.0.RC4.jar
-libraryjars libs/jetty-server-7.6.0.RC4.jar
-libraryjars libs/jetty-util-7.6.0.RC4.jar
-libraryjars libs/jetty-servlet-7.6.0.RC4.jar
-libraryjars libs/jetty-webapp-7.6.0.RC4.jar
-libraryjars libs/jetty-xml-7.6.0.RC4.jar
-libraryjars libs/jstl-1.2.jar
-libraryjars libs/locSDK_3.3.jar
-libraryjars libs/servlet-api-2.5.jar

 
-keep public class * extends android.app.Activity  
-keep public class * extends android.app.Application  
-keep public class * extends android.app.Service  
-keep public class * extends android.content.BroadcastReceiver  
-keep public class * extends android.content.ContentProvider  
-keep public class * extends android.app.backup.BackupAgentHelper  
-keep public class * extends android.preference.Preference  
-keep public class  org.eclipse.jetty.client.webdav.**{*;}
-keep public class  org.eclipse.jetty.client.security.**{*;}
-keep public class  org.eclipse.jetty.client.**{*;}
-keep public class  org.eclipse.jetty.continuation.**{*;}
-keep public class  org.eclipse.jetty.deploy.**{*;}
-keep public class  org.eclipse.jetty.deploy.util.**{*;}
-keep public class  org.eclipse.jetty.deploy.jmx.**{*;}
-keep public class  org.eclipse.jetty.deploy.providers.**{*;}
-keep public class  org.eclipse.jetty.deploy.graph.**{*;}
-keep public class  org.eclipse.jetty.deploy.bindings.**{*;}
-keep public class  org.eclipse.jetty.http.**{*;}
-keep public class  org.eclipse.jetty.http.ssl.**{*;}
-keep public class  org.eclipse.jetty.http.gzip.**{*;}
-keep public class  org.eclipse.jetty.io.**{*;} 
-keep public class  org.eclipse.jetty.io.nio.**{*;} 
-keep public class  org.eclipse.jetty.io.bio.**{*;} 
-keep public class  org.eclipse.jetty.security.**{*;} 
-keep public class  org.eclipse.jetty.security.authentication.**{*;} 
-keep public class  org.eclipse.jetty.server.**{*;} 
-keep public class  org.eclipse.jetty.server.ssl.**{*;} 
-keep public class  org.eclipse.jetty.server.session.**{*;}
-keep public class  org.eclipse.jetty.server.jmx.**{*;} 
-keep public class  org.eclipse.jetty.server.nio.**{*;} 
-keep public class  org.eclipse.jetty.server.handler.**{*;} 
-keep public class  org.eclipse.jetty.server.bio.**{*;} 
-keep public class  org.eclipse.jetty.servlet.**{*;} 
-keep public class  org.eclipse.jetty.servlet.listener.**{*;} 
-keep public class  org.eclipse.jetty.servlet.jmx.**{*;} 
-keep public class  org.eclipse.jetty.servlet.api.**{*;} 
-keep public class  org.eclipse.jetty.util.**{*;} 
-keep public class  org.eclipse.jetty.util.ajax.**{*;} 
-keep public class  org.eclipse.jetty.util.component.**{*;} 
-keep public class  org.eclipse.jetty.util.log.**{*;} 
-keep public class  org.eclipse.jetty.util.resource.**{*;} 
-keep public class  org.eclipse.jetty.util.security.**{*;} 
-keep public class  org.eclipse.jetty.util.ssl.**{*;} 
-keep public class  org.eclipse.jetty.util.static.**{*;} 
-keep public class  org.eclipse.jetty.util.thread.**{*;} 
-keep public class  org.eclipse.jetty.webapp.**{*;} 
-keep public class  org.eclipse.jetty.webapp.jmx.**{*;} 
-keep public class  org.eclipse.jetty.xml.**{*;} 
-keep public class  org.apache.taglibs.standard.**{*;} 
-keep public class  org.apache.taglibs.standard.extra.spath.**{*;} 
-keep public class  org.apache.taglibs.standard.function.**{*;} 
-keep public class  com.baidu.location.**{*;} 
-keep public class  javax.servlet.**{*;} 
-keep public class  javax.servlet.http.**{*;} 
-keep public class  javax.servlet.resources.**{*;} 
-keep public class  com.baidu.mapapi.map.**{*;} 
-keep public class  com.baidu.mapapi.navi.**{*;} 
-keep public class  com.baidu.mapapi.util.**{*;} 
-keep public class  com.baidu.mapapi.search.**{*;} 
-keep public class  com.baidu.mapapi.cloud.**{*;} 
-keep public class  com.baidu.mapapi.search.**{*;} 

-keepclasseswithmembernames class * {  
    native <methods>;  
}  
  
-keepclasseswithmembernames class * {  
    public <init>(android.content.Context, android.util.AttributeSet);  
}  
  
-keepclasseswithmembernames class * {  
    public <init>(android.content.Context, android.util.AttributeSet, int);  
}  
  
-keepclassmembers enum * {  
    public static **[] values();  
    public static ** valueOf(java.lang.String);  
}  
  
-keep class * implements android.os.Parcelable {  
  public static final android.os.Parcelable$Creator *;  
}  