ShareFV/proguard/seeds.txt
org.eclipse.jetty.util.MultiException
org.eclipse.jetty.util.MultiException: java.lang.Object nested
org.eclipse.jetty.util.MultiException: MultiException()
org.eclipse.jetty.util.MultiException: void add(java.lang.Throwable)
org.eclipse.jetty.util.MultiException: int size()
org.eclipse.jetty.util.MultiException: java.util.List getThrowables()
org.eclipse.jetty.util.MultiException: java.lang.Throwable getThrowable(int)
org.eclipse.jetty.util.MultiException: void ifExceptionThrow()
org.eclipse.jetty.util.MultiException: void ifExceptionThrowRuntime()
org.eclipse.jetty.util.MultiException: void ifExceptionThrowMulti()
org.eclipse.jetty.util.MultiException: java.lang.String toString()
org.eclipse.jetty.util.MultiException: void printStackTrace()
org.eclipse.jetty.util.MultiException: void printStackTrace(java.io.PrintStream)
org.eclipse.jetty.util.MultiException: void printStackTrace(java.io.PrintWriter)
org.eclipse.jetty.util.MultiMap
org.eclipse.jetty.util.MultiMap: long serialVersionUID
org.eclipse.jetty.util.MultiMap: java.util.Map _map
org.eclipse.jetty.util.MultiMap: java.util.concurrent.ConcurrentMap _cmap
org.eclipse.jetty.util.MultiMap: MultiMap()
org.eclipse.jetty.util.MultiMap: MultiMap(java.util.Map)
org.eclipse.jetty.util.MultiMap: MultiMap(org.eclipse.jetty.util.MultiMap)
org.eclipse.jetty.util.MultiMap: MultiMap(int)
org.eclipse.jetty.util.MultiMap: MultiMap(boolean)
org.eclipse.jetty.util.MultiMap: java.util.List getValues(java.lang.Object)
org.eclipse.jetty.util.MultiMap: java.lang.Object getValue(java.lang.Object,int)
org.eclipse.jetty.util.MultiMap: java.lang.String getString(java.lang.Object)
org.eclipse.jetty.util.MultiMap: java.lang.Object get(java.lang.Object)
org.eclipse.jetty.util.MultiMap: java.lang.Object put(java.lang.Object,java.lang.Object)
org.eclipse.jetty.util.MultiMap: java.lang.Object putValues(java.lang.Object,java.util.List)
org.eclipse.jetty.util.MultiMap: java.lang.Object putValues(java.lang.Object,java.lang.String[])
org.eclipse.jetty.util.MultiMap: void add(java.lang.Object,java.lang.Object)
org.eclipse.jetty.util.MultiMap: void addValues(java.lang.Object,java.util.List)
org.eclipse.jetty.util.MultiMap: void addValues(java.lang.Object,java.lang.String[])
org.eclipse.jetty.util.MultiMap: boolean removeValue(java.lang.Object,java.lang.Object)
org.eclipse.jetty.util.MultiMap: void putAll(java.util.Map)
org.eclipse.jetty.util.MultiPartOutputStream
org.eclipse.jetty.util.MultiPartOutputStream: byte[] __CRLF
org.eclipse.jetty.util.MultiPartOutputStream: byte[] __DASHDASH
org.eclipse.jetty.util.MultiPartOutputStream: java.lang.String MULTIPART_MIXED
org.eclipse.jetty.util.MultiPartOutputStream: java.lang.String MULTIPART_X_MIXED_REPLACE
org.eclipse.jetty.util.MultiPartOutputStream: java.lang.String boundary
org.eclipse.jetty.util.MultiPartOutputStream: byte[] boundaryBytes
org.eclipse.jetty.util.MultiPartOutputStream: boolean inPart
org.eclipse.jetty.util.MultiPartOutputStream: MultiPartOutputStream(java.io.OutputStream)
org.eclipse.jetty.util.MultiPartOutputStream: void close()
org.eclipse.jetty.util.MultiPartOutputStream: java.lang.String getBoundary()
org.eclipse.jetty.util.MultiPartOutputStream: java.io.OutputStream getOut()
org.eclipse.jetty.util.MultiPartOutputStream: void startPart(java.lang.String)
org.eclipse.jetty.util.MultiPartOutputStream: void startPart(java.lang.String,java.lang.String[])
org.eclipse.jetty.util.MultiPartOutputStream: void <clinit>()