ShareFV/proguard/mapping.txt
io.vov.vitamio.MediaPlayer$OnCachingUpdateListener -> io.vov.vitamio.c:
io.vov.vitamio.MediaPlayer$OnCompletionListener -> io.vov.vitamio.d:
    void onCompletion$25bb49d6() -> a
io.vov.vitamio.MediaPlayer$OnErrorListener -> io.vov.vitamio.e:
    boolean onError$5be17346(int,int) -> a
io.vov.vitamio.MediaPlayer$OnInfoListener -> io.vov.vitamio.f:
    boolean onInfo(io.vov.vitamio.MediaPlayer,int,int) -> a
io.vov.vitamio.MediaPlayer$OnPreparedListener -> io.vov.vitamio.g:
    void onPrepared(io.vov.vitamio.MediaPlayer) -> a
io.vov.vitamio.MediaPlayer$OnSeekCompleteListener -> io.vov.vitamio.h:
    void onSeekComplete(io.vov.vitamio.MediaPlayer) -> a
io.vov.vitamio.MediaPlayer$OnTimedTextListener -> io.vov.vitamio.i:
    void onTimedText(java.lang.String) -> a
    void onTimedTextUpdate(byte[],int,int) -> a
io.vov.vitamio.MediaPlayer$OnVideoSizeChangedListener -> io.vov.vitamio.j:
    void onVideoSizeChanged(io.vov.vitamio.MediaPlayer,int,int) -> a
io.vov.vitamio.Vitamio -> io.vov.vitamio.Vitamio:
    java.lang.String[] LIBS_CODECS -> a
    java.lang.String[] LIBS_PLAYER -> b
    java.lang.String[] LIBS_SCANNER -> c
    java.lang.String[] LIBS_AV -> d
    int vitamioType -> e
    java.lang.String vitamioPackage -> f
    java.lang.String vitamioLibraryPath -> g
    boolean initialize(android.content.Context) -> a
    boolean isInitialized(android.content.Context) -> b
    java.lang.String getVitamioPackage() -> a
    java.lang.String getLibraryPath() -> b
    java.util.List getRequiredLibs() -> c
    boolean extractLibs(android.content.Context,int) -> a
    java.lang.String copyCompressedLib(android.content.Context,int,java.lang.String) -> a
    boolean native_initializeLibs(java.lang.String,java.lang.String,java.lang.String) -> native_initializeLibs
io.vov.vitamio.activity.InitActivity -> io.vov.vitamio.activity.InitActivity:
    android.app.ProgressDialog mPD -> a
    io.vov.vitamio.activity.InitActivity$UIHandler uiHandler -> b
    void onCreate(android.os.Bundle) -> onCreate
    android.app.ProgressDialog access$0(io.vov.vitamio.activity.InitActivity) -> a
    void access$1(io.vov.vitamio.activity.InitActivity,android.app.ProgressDialog) -> a
    io.vov.vitamio.activity.InitActivity$UIHandler access$2(io.vov.vitamio.activity.InitActivity) -> b
io.vov.vitamio.activity.InitActivity$1 -> io.vov.vitamio.activity.a:
    io.vov.vitamio.activity.InitActivity this$0 -> a
    void onPreExecute() -> onPreExecute
    void onPostExecute(java.lang.Object) -> onPostExecute
    java.lang.Object doInBackground(java.lang.Object[]) -> doInBackground
io.vov.vitamio.activity.InitActivity$UIHandler -> io.vov.vitamio.activity.b:
    java.lang.ref.WeakReference mContext -> a
    void handleMessage(android.os.Message) -> handleMessage