ShareFV/proguard/usage.txt
android.support.v4.content.ContextCompatHoneycomb
android.support.v4.content.ContextCompatJellybean
android.support.v4.content.CursorLoader
android.support.v4.content.FileProvider:
    private static final java.lang.String META_DATA_FILE_PROVIDER_PATHS
    private static final java.lang.String TAG_ROOT_PATH
    private static final java.lang.String TAG_FILES_PATH
    private static final java.lang.String TAG_CACHE_PATH
    private static final java.lang.String TAG_EXTERNAL
    private static final java.lang.String ATTR_NAME
    private static final java.lang.String ATTR_PATH
    130:131:public static android.net.Uri getUriForFile(android.content.Context,java.lang.String,java.io.File)
android.support.v4.content.FileProvider$PathStrategy:
    public abstract android.net.Uri getUriForFile(java.io.File)
android.support.v4.content.FileProvider$SimplePathStrategy:
    345:375:public android.net.Uri getUriForFile(java.io.File)
android.support.v4.content.IntentCompat
android.support.v4.content.IntentCompat$IntentCompatImpl
android.support.v4.content.IntentCompat$IntentCompatImplBase
android.support.v4.content.IntentCompat$IntentCompatImplHC
android.support.v4.content.IntentCompat$IntentCompatImplIcsMr1
android.support.v4.content.IntentCompatHoneycomb
android.support.v4.content.IntentCompatIcsMr1
android.support.v4.content.Loader:
    android.content.Context mContext
    90:92:public Loader(android.content.Context)
    102:105:public void deliverResult(java.lang.Object)
    111:111:public android.content.Context getContext()
    118:118:public int getId()
    157:157:public boolean isStarted()
    166:166:public boolean isAbandoned()
    175:175:public boolean isReset()
    217:218:public void forceLoad()
    225:225:protected void onForceLoad()
    261:263:public void abandon()
    275:275:protected void onAbandon()
    312:314:public boolean takeContentChanged()
    326:334:public void onContentChanged()
android.support.v4.content.Loader$ForceLoadContentObserver
android.support.v4.content.Loader$OnLoadCompleteListener:
    public abstract void onLoadComplete(android.support.v4.content.Loader,java.lang.Object)
android.support.v4.content.LocalBroadcastManager
android.support.v4.content.LocalBroadcastManager$1
android.support.v4.content.LocalBroadcastManager$BroadcastRecord
android.support.v4.content.LocalBroadcastManager$ReceiverRecord
android.support.v4.content.ModernAsyncTask
android.support.v4.content.ModernAsyncTask$1
android.support.v4.content.ModernAsyncTask$2
android.support.v4.content.ModernAsyncTask$3
android.support.v4.content.ModernAsyncTask$4
android.support.v4.content.ModernAsyncTask$AsyncTaskResult
android.support.v4.content.ModernAsyncTask$InternalHandler
android.support.v4.content.ModernAsyncTask$Status
android.support.v4.content.ModernAsyncTask$WorkerRunnable
android.support.v4.content.pm.ActivityInfoCompat
android.support.v4.database.DatabaseUtilsCompat
android.support.v4.net.ConnectivityManagerCompat
android.support.v4.net.ConnectivityManagerCompat$BaseConnectivityManagerCompatImpl
android.support.v4.net.ConnectivityManagerCompat$ConnectivityManagerCompatImpl
android.support.v4.net.ConnectivityManagerCompat$GingerbreadConnectivityManagerCompatImpl
android.support.v4.net.ConnectivityManagerCompat$HoneycombMR2ConnectivityManagerCompatImpl
android.support.v4.net.ConnectivityManagerCompat$JellyBeanConnectivityManagerCompatImpl
android.support.v4.net.ConnectivityManagerCompatGingerbread
android.support.v4.net.ConnectivityManagerCompatHoneycombMR2
android.support.v4.net.ConnectivityManagerCompatJellyBean
android.support.v4.net.TrafficStatsCompat
android.support.v4.net.TrafficStatsCompat$1
android.support.v4.net.TrafficStatsCompat$BaseTrafficStatsCompatImpl
android.support.v4.net.TrafficStatsCompat$BaseTrafficStatsCompatImpl$1
android.support.v4.net.TrafficStatsCompat$BaseTrafficStatsCompatImpl$SocketTags